# JRE version: OpenJDK Runtime Environment Temurin-21.0.10+7 (21.0.10+7) (build 21.0.10+7-LTS)
# Java VM: OpenJDK 64-Bit Server VM Temurin-21.0.10+7 (21.0.10+7-LTS, mixed mode, sharing, tiered, compressed oops, compressed class ptrs, parallel gc, windows-amd64)
GC Precious Log:
 CardTable entry size: 512
 CPUs: 4 total, 4 available
 Memory: 3838M
 Large Page Support: Disabled
 NUMA Support: Disabled
 Compressed Oops: Enabled (32-bit)
 Alignments: Space 512K, Generation 512K, Heap 2M
 Heap Min Capacity: 100M
 Heap Initial Capacity: 100M
 Heap Max Capacity: 2G
 Pre-touch: Disabled
 Parallel Workers: 4
Heap:
 PSYoungGen      total 23040K, used 20282K [0x00000000d5580000, 0x00000000d6e00000, 0x0000000100000000)
  eden space 22016K, 88% used [0x00000000d5580000,0x00000000d687eac8,0x00000000d6b00000)
  from space 1024K, 81% used [0x00000000d6c80000,0x00000000d6d50000,0x00000000d6d80000)
  to   space 512K, 0% used [0x00000000d6d80000,0x00000000d6d80000,0x00000000d6e00000)
 ParOldGen       total 68608K, used 60009K [0x0000000080000000, 0x0000000084300000, 0x00000000d5580000)
  object space 68608K, 87% used [0x0000000080000000,0x0000000083a9a4d8,0x0000000084300000)
 Metaspace       used 57595K, committed 59072K, reserved 1114112K
  class space    used 6184K, committed 6848K, reserved 1048576K
GC Heap History (20 events):
Event: 36.302 GC heap before
{Heap before GC invocations=35 (full 2):
 PSYoungGen      total 23040K, used 22967K [0x00000000d5580000, 0x00000000d6e80000, 0x0000000100000000)
  eden space 22016K, 100% used [0x00000000d5580000,0x00000000d6b00000,0x00000000d6b00000)
  from space 1024K, 92% used [0x00000000d6d80000,0x00000000d6e6ddf0,0x00000000d6e80000)
  to   space 1536K, 0% used [0x00000000d6b80000,0x00000000d6b80000,0x00000000d6d00000)
 ParOldGen       total 68608K, used 48734K [0x0000000080000000, 0x0000000084300000, 0x00000000d5580000)
  object space 68608K, 71% used [0x0000000080000000,0x0000000082f97810,0x0000000084300000)
 Metaspace       used 55661K, committed 57024K, reserved 1114112K
  class space    used 6027K, committed 6656K, reserved 1048576K
}
Event: 36.307 GC heap after
{Heap after GC invocations=35 (full 2):
 PSYoungGen      total 23552K, used 1521K [0x00000000d5580000, 0x00000000d7300000, 0x0000000100000000)
  eden space 22016K, 0% used [0x00000000d5580000,0x00000000d5580000,0x00000000d6b00000)
  from space 1536K, 99% used [0x00000000d6b80000,0x00000000d6cfc750,0x00000000d6d00000)
  to   space 4096K, 0% used [0x00000000d6f00000,0x00000000d6f00000,0x00000000d7300000)
 ParOldGen       total 68608K, used 50414K [0x0000000080000000, 0x0000000084300000, 0x00000000d5580000)
  object space 68608K, 73% used [0x0000000080000000,0x000000008313b820,0x0000000084300000)
 Metaspace       used 55661K, committed 57024K, reserved 1114112K
  class space    used 6027K, committed 6656K, reserved 1048576K
}
Event: 37.237 GC heap before
{Heap before GC invocations=36 (full 2):
 PSYoungGen      total 23552K, used 23537K [0x00000000d5580000, 0x00000000d7300000, 0x0000000100000000)
  eden space 22016K, 100% used [0x00000000d5580000,0x00000000d6b00000,0x00000000d6b00000)
  from space 1536K, 99% used [0x00000000d6b80000,0x00000000d6cfc750,0x00000000d6d00000)
  to   space 4096K, 0% used [0x00000000d6f00000,0x00000000d6f00000,0x00000000d7300000)
 ParOldGen       total 68608K, used 50414K [0x0000000080000000, 0x0000000084300000, 0x00000000d5580000)
  object space 68608K, 73% used [0x0000000080000000,0x000000008313b820,0x0000000084300000)
 Metaspace       used 57236K, committed 58688K, reserved 1114112K
  class space    used 6175K, committed 6848K, reserved 1048576K
}
Event: 37.243 GC heap after
{Heap after GC invocations=36 (full 2):
 PSYoungGen      total 24576K, used 2192K [0x00000000d5580000, 0x00000000d7180000, 0x0000000100000000)
  eden space 22016K, 0% used [0x00000000d5580000,0x00000000d5580000,0x00000000d6b00000)
  from space 2560K, 85% used [0x00000000d6f00000,0x00000000d71243e8,0x00000000d7180000)
  to   space 2560K, 0% used [0x00000000d6c80000,0x00000000d6c80000,0x00000000d6f00000)
 ParOldGen       total 68608K, used 50918K [0x0000000080000000, 0x0000000084300000, 0x00000000d5580000)
  object space 68608K, 74% used [0x0000000080000000,0x00000000831b9a00,0x0000000084300000)
 Metaspace       used 57236K, committed 58688K, reserved 1114112K
  class space    used 6175K, committed 6848K, reserved 1048576K
}
Event: 37.685 GC heap before
{Heap before GC invocations=37 (full 2):
 PSYoungGen      total 24576K, used 24208K [0x00000000d5580000, 0x00000000d7180000, 0x0000000100000000)
  eden space 22016K, 100% used [0x00000000d5580000,0x00000000d6b00000,0x00000000d6b00000)
  from space 2560K, 85% used [0x00000000d6f00000,0x00000000d71243e8,0x00000000d7180000)
  to   space 2560K, 0% used [0x00000000d6c80000,0x00000000d6c80000,0x00000000d6f00000)
 ParOldGen       total 68608K, used 50918K [0x0000000080000000, 0x0000000084300000, 0x00000000d5580000)
  object space 68608K, 74% used [0x0000000080000000,0x00000000831b9a00,0x0000000084300000)
 Metaspace       used 57400K, committed 58880K, reserved 1114112K
  class space    used 6179K, committed 6848K, reserved 1048576K
}
Event: 37.715 GC heap after
{Heap after GC invocations=37 (full 2):
 PSYoungGen      total 24064K, used 1602K [0x00000000d5580000, 0x00000000d6f80000, 0x0000000100000000)
  eden space 22016K, 0% used [0x00000000d5580000,0x00000000d5580000,0x00000000d6b00000)
  from space 2048K, 78% used [0x00000000d6c80000,0x00000000d6e10980,0x00000000d6e80000)
  to   space 1024K, 0% used [0x00000000d6e80000,0x00000000d6e80000,0x00000000d6f80000)
 ParOldGen       total 68608K, used 52964K [0x0000000080000000, 0x0000000084300000, 0x00000000d5580000)
  object space 68608K, 77% used [0x0000000080000000,0x00000000833b9210,0x0000000084300000)
 Metaspace       used 57400K, committed 58880K, reserved 1114112K
  class space    used 6179K, committed 6848K, reserved 1048576K
}
Event: 37.915 GC heap before
{Heap before GC invocations=38 (full 2):
 PSYoungGen      total 24064K, used 23618K [0x00000000d5580000, 0x00000000d6f80000, 0x0000000100000000)
  eden space 22016K, 100% used [0x00000000d5580000,0x00000000d6b00000,0x00000000d6b00000)
  from space 2048K, 78% used [0x00000000d6c80000,0x00000000d6e10980,0x00000000d6e80000)
  to   space 1024K, 0% used [0x00000000d6e80000,0x00000000d6e80000,0x00000000d6f80000)
 ParOldGen       total 68608K, used 52964K [0x0000000080000000, 0x0000000084300000, 0x00000000d5580000)
  object space 68608K, 77% used [0x0000000080000000,0x00000000833b9210,0x0000000084300000)
 Metaspace       used 57427K, committed 58880K, reserved 1114112K
  class space    used 6180K, committed 6848K, reserved 1048576K
}
Event: 37.931 GC heap after
{Heap after GC invocations=38 (full 2):
 PSYoungGen      total 23040K, used 627K [0x00000000d5580000, 0x00000000d6f80000, 0x0000000100000000)
  eden space 22016K, 0% used [0x00000000d5580000,0x00000000d5580000,0x00000000d6b00000)
  from space 1024K, 61% used [0x00000000d6e80000,0x00000000d6f1ccb0,0x00000000d6f80000)
  to   space 1536K, 0% used [0x00000000d6c80000,0x00000000d6c80000,0x00000000d6e00000)
 ParOldGen       total 68608K, used 54294K [0x0000000080000000, 0x0000000084300000, 0x00000000d5580000)
  object space 68608K, 79% used [0x0000000080000000,0x0000000083505a28,0x0000000084300000)
 Metaspace       used 57427K, committed 58880K, reserved 1114112K
  class space    used 6180K, committed 6848K, reserved 1048576K
}
Event: 38.529 GC heap before
{Heap before GC invocations=39 (full 2):
 PSYoungGen      total 23040K, used 22643K [0x00000000d5580000, 0x00000000d6f80000, 0x0000000100000000)
  eden space 22016K, 100% used [0x00000000d5580000,0x00000000d6b00000,0x00000000d6b00000)
  from space 1024K, 61% used [0x00000000d6e80000,0x00000000d6f1ccb0,0x00000000d6f80000)
  to   space 1536K, 0% used [0x00000000d6c80000,0x00000000d6c80000,0x00000000d6e00000)
 ParOldGen       total 68608K, used 54294K [0x0000000080000000, 0x0000000084300000, 0x00000000d5580000)
  object space 68608K, 79% used [0x0000000080000000,0x0000000083505a28,0x0000000084300000)
 Metaspace       used 57534K, committed 59008K, reserved 1114112K
  class space    used 6184K, committed 6848K, reserved 1048576K
}
Event: 38.532 GC heap after
{Heap after GC invocations=39 (full 2):
 PSYoungGen      total 23552K, used 1393K [0x00000000d5580000, 0x00000000d6f00000, 0x0000000100000000)
  eden space 22016K, 0% used [0x00000000d5580000,0x00000000d5580000,0x00000000d6b00000)
  from space 1536K, 90% used [0x00000000d6c80000,0x00000000d6ddc5e0,0x00000000d6e00000)
  to   space 1024K, 0% used [0x00000000d6e00000,0x00000000d6e00000,0x00000000d6f00000)
 ParOldGen       total 68608K, used 54758K [0x0000000080000000, 0x0000000084300000, 0x00000000d5580000)
  object space 68608K, 79% used [0x0000000080000000,0x0000000083579a88,0x0000000084300000)
 Metaspace       used 57534K, committed 59008K, reserved 1114112K
  class space    used 6184K, committed 6848K, reserved 1048576K
}
Event: 38.567 GC heap before
{Heap before GC invocations=40 (full 2):
 PSYoungGen      total 23552K, used 23409K [0x00000000d5580000, 0x00000000d6f00000, 0x0000000100000000)
  eden space 22016K, 100% used [0x00000000d5580000,0x00000000d6b00000,0x00000000d6b00000)
  from space 1536K, 90% used [0x00000000d6c80000,0x00000000d6ddc5e0,0x00000000d6e00000)
  to   space 1024K, 0% used [0x00000000d6e00000,0x00000000d6e00000,0x00000000d6f00000)
 ParOldGen       total 68608K, used 54758K [0x0000000080000000, 0x0000000084300000, 0x00000000d5580000)
  object space 68608K, 79% used [0x0000000080000000,0x0000000083579a88,0x0000000084300000)
 Metaspace       used 57539K, committed 59008K, reserved 1114112K
  class space    used 6184K, committed 6848K, reserved 1048576K
}
Event: 38.577 GC heap after
{Heap after GC invocations=40 (full 2):
 PSYoungGen      total 22528K, used 512K [0x00000000d5580000, 0x00000000d6e80000, 0x0000000100000000)
  eden space 22016K, 0% used [0x00000000d5580000,0x00000000d5580000,0x00000000d6b00000)
  from space 512K, 100% used [0x00000000d6e00000,0x00000000d6e80000,0x00000000d6e80000)
  to   space 1024K, 0% used [0x00000000d6c80000,0x00000000d6c80000,0x00000000d6d80000)
 ParOldGen       total 68608K, used 56055K [0x0000000080000000, 0x0000000084300000, 0x00000000d5580000)
  object space 68608K, 81% used [0x0000000080000000,0x00000000836bde00,0x0000000084300000)
 Metaspace       used 57539K, committed 59008K, reserved 1114112K
  class space    used 6184K, committed 6848K, reserved 1048576K
}
Event: 38.598 GC heap before
{Heap before GC invocations=41 (full 2):
 PSYoungGen      total 22528K, used 22528K [0x00000000d5580000, 0x00000000d6e80000, 0x0000000100000000)
  eden space 22016K, 100% used [0x00000000d5580000,0x00000000d6b00000,0x00000000d6b00000)
  from space 512K, 100% used [0x00000000d6e00000,0x00000000d6e80000,0x00000000d6e80000)
  to   space 1024K, 0% used [0x00000000d6c80000,0x00000000d6c80000,0x00000000d6d80000)
 ParOldGen       total 68608K, used 56055K [0x0000000080000000, 0x0000000084300000, 0x00000000d5580000)
  object space 68608K, 81% used [0x0000000080000000,0x00000000836bde00,0x0000000084300000)
 Metaspace       used 57540K, committed 59008K, reserved 1114112K
  class space    used 6184K, committed 6848K, reserved 1048576K
}
Event: 38.600 GC heap after
{Heap after GC invocations=41 (full 2):
 PSYoungGen      total 23040K, used 480K [0x00000000d5580000, 0x00000000d6e80000, 0x0000000100000000)
  eden space 22016K, 0% used [0x00000000d5580000,0x00000000d5580000,0x00000000d6b00000)
  from space 1024K, 46% used [0x00000000d6c80000,0x00000000d6cf8000,0x00000000d6d80000)
  to   space 1024K, 0% used [0x00000000d6d80000,0x00000000d6d80000,0x00000000d6e80000)
 ParOldGen       total 68608K, used 56455K [0x0000000080000000, 0x0000000084300000, 0x00000000d5580000)
  object space 68608K, 82% used [0x0000000080000000,0x0000000083721e00,0x0000000084300000)
 Metaspace       used 57540K, committed 59008K, reserved 1114112K
  class space    used 6184K, committed 6848K, reserved 1048576K
}
Event: 38.643 GC heap before
{Heap before GC invocations=42 (full 2):
 PSYoungGen      total 23040K, used 22496K [0x00000000d5580000, 0x00000000d6e80000, 0x0000000100000000)
  eden space 22016K, 100% used [0x00000000d5580000,0x00000000d6b00000,0x00000000d6b00000)
  from space 1024K, 46% used [0x00000000d6c80000,0x00000000d6cf8000,0x00000000d6d80000)
  to   space 1024K, 0% used [0x00000000d6d80000,0x00000000d6d80000,0x00000000d6e80000)
 ParOldGen       total 68608K, used 56455K [0x0000000080000000, 0x0000000084300000, 0x00000000d5580000)
  object space 68608K, 82% used [0x0000000080000000,0x0000000083721e00,0x0000000084300000)
 Metaspace       used 57541K, committed 59008K, reserved 1114112K
  class space    used 6184K, committed 6848K, reserved 1048576K
}
Event: 38.645 GC heap after
{Heap after GC invocations=42 (full 2):
 PSYoungGen      total 23040K, used 544K [0x00000000d5580000, 0x00000000d6e80000, 0x0000000100000000)
  eden space 22016K, 0% used [0x00000000d5580000,0x00000000d5580000,0x00000000d6b00000)
  from space 1024K, 53% used [0x00000000d6d80000,0x00000000d6e08000,0x00000000d6e80000)
  to   space 1024K, 0% used [0x00000000d6c80000,0x00000000d6c80000,0x00000000d6d80000)
 ParOldGen       total 68608K, used 56879K [0x0000000080000000, 0x0000000084300000, 0x00000000d5580000)
  object space 68608K, 82% used [0x0000000080000000,0x000000008378be00,0x0000000084300000)
 Metaspace       used 57541K, committed 59008K, reserved 1114112K
  class space    used 6184K, committed 6848K, reserved 1048576K
}
Event: 38.915 GC heap before
{Heap before GC invocations=43 (full 2):
 PSYoungGen      total 23040K, used 22175K [0x00000000d5580000, 0x00000000d6e80000, 0x0000000100000000)
  eden space 22016K, 98% used [0x00000000d5580000,0x00000000d6a9fd80,0x00000000d6b00000)
  from space 1024K, 53% used [0x00000000d6d80000,0x00000000d6e08000,0x00000000d6e80000)
  to   space 1024K, 0% used [0x00000000d6c80000,0x00000000d6c80000,0x00000000d6d80000)
 ParOldGen       total 68608K, used 56879K [0x0000000080000000, 0x0000000084300000, 0x00000000d5580000)
  object space 68608K, 82% used [0x0000000080000000,0x000000008378be00,0x0000000084300000)
 Metaspace       used 57557K, committed 59008K, reserved 1114112K
  class space    used 6184K, committed 6848K, reserved 1048576K
}
Event: 38.918 GC heap after
{Heap after GC invocations=43 (full 2):
 PSYoungGen      total 23040K, used 1005K [0x00000000d5580000, 0x00000000d6f00000, 0x0000000100000000)
  eden space 22016K, 0% used [0x00000000d5580000,0x00000000d5580000,0x00000000d6b00000)
  from space 1024K, 98% used [0x00000000d6c80000,0x00000000d6d7b5e0,0x00000000d6d80000)
  to   space 1536K, 0% used [0x00000000d6d80000,0x00000000d6d80000,0x00000000d6f00000)
 ParOldGen       total 68608K, used 57503K [0x0000000080000000, 0x0000000084300000, 0x00000000d5580000)
  object space 68608K, 83% used [0x0000000080000000,0x0000000083827e00,0x0000000084300000)
 Metaspace       used 57557K, committed 59008K, reserved 1114112K
  class space    used 6184K, committed 6848K, reserved 1048576K
}
Event: 39.290 GC heap before
{Heap before GC invocations=44 (full 2):
 PSYoungGen      total 23040K, used 23021K [0x00000000d5580000, 0x00000000d6f00000, 0x0000000100000000)
  eden space 22016K, 100% used [0x00000000d5580000,0x00000000d6b00000,0x00000000d6b00000)
  from space 1024K, 98% used [0x00000000d6c80000,0x00000000d6d7b5e0,0x00000000d6d80000)
  to   space 1536K, 0% used [0x00000000d6d80000,0x00000000d6d80000,0x00000000d6f00000)
 ParOldGen       total 68608K, used 57503K [0x0000000080000000, 0x0000000084300000, 0x00000000d5580000)
  object space 68608K, 83% used [0x0000000080000000,0x0000000083827e00,0x0000000084300000)
 Metaspace       used 57566K, committed 59008K, reserved 1114112K
  class space    used 6184K, committed 6848K, reserved 1048576K
}
Event: 39.293 GC heap after
{Heap after GC invocations=44 (full 2):
 PSYoungGen      total 23552K, used 1513K [0x00000000d5580000, 0x00000000d6f00000, 0x0000000100000000)
  eden space 22016K, 0% used [0x00000000d5580000,0x00000000d5580000,0x00000000d6b00000)
  from space 1536K, 98% used [0x00000000d6d80000,0x00000000d6efa660,0x00000000d6f00000)
  to   space 1024K, 0% used [0x00000000d6c80000,0x00000000d6c80000,0x00000000d6d80000)
 ParOldGen       total 68608K, used 58577K [0x0000000080000000, 0x0000000084300000, 0x00000000d5580000)
  object space 68608K, 85% used [0x0000000080000000,0x0000000083934568,0x0000000084300000)
 Metaspace       used 57566K, committed 59008K, reserved 1114112K
  class space    used 6184K, committed 6848K, reserved 1048576K
}

