# JRE version: Java(TM) SE Runtime Environment (23.0.1+11) (build 23.0.1+11-39)
# Java VM: Java HotSpot(TM) 64-Bit Server VM (23.0.1+11-39, mixed mode, sharing, tiered, compressed oops, compressed class ptrs, g1 gc, windows-amd64)
GC Precious Log:
 CardTable entry size: 512
 Card Set container configuration: InlinePtr #cards 5 size 8 Array Of Cards #cards 10 size 36 Howl #buckets 4 coarsen threshold 1843 Howl Bitmap #cards 512 size 80 coarsen threshold 460 Card regions per heap region 1 cards per card region 2048
 CPUs: 4 total, 4 available
 Memory: 3838M
 Large Page Support: Disabled
 NUMA Support: Disabled
 Compressed Oops: Enabled (32-bit)
 Heap Region Size: 1M
 Heap Min Capacity: 8M
 Heap Initial Capacity: 60M
 Heap Max Capacity: 960M
 Pre-touch: Disabled
 Parallel Workers: 4
 Concurrent Workers: 1
 Concurrent Refinement Workers: 4
 Periodic GC: Disabled
Heap:
 garbage-first heap   total reserved 983040K, committed 89088K, used 45170K [0x00000000c4000000, 0x0000000100000000)
  region size 1024K, 17 young (17408K), 7 survivors (7168K)
 Metaspace       used 26483K, committed 26880K, reserved 1114112K
  class space    used 3141K, committed 3328K, reserved 1048576K
GC Heap History (20 events):
Event: 2.557 GC heap before
{Heap before GC invocations=0 (full 0):
 garbage-first heap   total reserved 983040K, committed 61440K, used 14336K [0x00000000c4000000, 0x0000000100000000)
  region size 1024K, 14 young (14336K), 0 survivors (0K)
 Metaspace       used 3777K, committed 3968K, reserved 1114112K
  class space    used 401K, committed 512K, reserved 1048576K
}
Event: 2.628 GC heap after
{Heap after GC invocations=1 (full 0):
 garbage-first heap   total reserved 983040K, committed 61440K, used 3392K [0x00000000c4000000, 0x0000000100000000)
  region size 1024K, 2 young (2048K), 2 survivors (2048K)
 Metaspace       used 3777K, committed 3968K, reserved 1114112K
  class space    used 401K, committed 512K, reserved 1048576K
}
Event: 3.702 GC heap before
{Heap before GC invocations=1 (full 0):
 garbage-first heap   total reserved 983040K, committed 61440K, used 14656K [0x00000000c4000000, 0x0000000100000000)
  region size 1024K, 14 young (14336K), 2 survivors (2048K)
 Metaspace       used 5957K, committed 6080K, reserved 1114112K
  class space    used 730K, committed 768K, reserved 1048576K
}
Event: 3.708 GC heap after
{Heap after GC invocations=2 (full 0):
 garbage-first heap   total reserved 983040K, committed 61440K, used 4280K [0x00000000c4000000, 0x0000000100000000)
  region size 1024K, 1 young (1024K), 1 survivors (1024K)
 Metaspace       used 5957K, committed 6080K, reserved 1114112K
  class space    used 730K, committed 768K, reserved 1048576K
}
Event: 6.440 GC heap before
{Heap before GC invocations=2 (full 0):
 garbage-first heap   total reserved 983040K, committed 61440K, used 33976K [0x00000000c4000000, 0x0000000100000000)
  region size 1024K, 30 young (30720K), 1 survivors (1024K)
 Metaspace       used 9999K, committed 10240K, reserved 1114112K
  class space    used 1229K, committed 1344K, reserved 1048576K
}
Event: 6.447 GC heap after
{Heap after GC invocations=3 (full 0):
 garbage-first heap   total reserved 983040K, committed 61440K, used 5524K [0x00000000c4000000, 0x0000000100000000)
  region size 1024K, 2 young (2048K), 2 survivors (2048K)
 Metaspace       used 9999K, committed 10240K, reserved 1114112K
  class space    used 1229K, committed 1344K, reserved 1048576K
}
Event: 9.961 GC heap before
{Heap before GC invocations=3 (full 0):
 garbage-first heap   total reserved 983040K, committed 61440K, used 34196K [0x00000000c4000000, 0x0000000100000000)
  region size 1024K, 30 young (30720K), 2 survivors (2048K)
 Metaspace       used 14816K, committed 15104K, reserved 1114112K
  class space    used 1851K, committed 1984K, reserved 1048576K
}
Event: 9.974 GC heap after
{Heap after GC invocations=4 (full 0):
 garbage-first heap   total reserved 983040K, committed 61440K, used 8839K [0x00000000c4000000, 0x0000000100000000)
  region size 1024K, 4 young (4096K), 4 survivors (4096K)
 Metaspace       used 14816K, committed 15104K, reserved 1114112K
  class space    used 1851K, committed 1984K, reserved 1048576K
}
Event: 13.762 GC heap before
{Heap before GC invocations=4 (full 0):
 garbage-first heap   total reserved 983040K, committed 61440K, used 39559K [0x00000000c4000000, 0x0000000100000000)
  region size 1024K, 34 young (34816K), 4 survivors (4096K)
 Metaspace       used 15797K, committed 16064K, reserved 1114112K
  class space    used 1934K, committed 2048K, reserved 1048576K
}
Event: 13.778 GC heap after
{Heap after GC invocations=5 (full 0):
 garbage-first heap   total reserved 983040K, committed 61440K, used 13581K [0x00000000c4000000, 0x0000000100000000)
  region size 1024K, 5 young (5120K), 5 survivors (5120K)
 Metaspace       used 15797K, committed 16064K, reserved 1114112K
  class space    used 1934K, committed 2048K, reserved 1048576K
}
Event: 16.490 GC heap before
{Heap before GC invocations=5 (full 0):
 garbage-first heap   total reserved 983040K, committed 61440K, used 43277K [0x00000000c4000000, 0x0000000100000000)
  region size 1024K, 34 young (34816K), 5 survivors (5120K)
 Metaspace       used 16141K, committed 16448K, reserved 1114112K
  class space    used 1938K, committed 2048K, reserved 1048576K
}
Event: 16.499 GC heap after
{Heap after GC invocations=6 (full 0):
 garbage-first heap   total reserved 983040K, committed 61440K, used 14581K [0x00000000c4000000, 0x0000000100000000)
  region size 1024K, 2 young (2048K), 2 survivors (2048K)
 Metaspace       used 16141K, committed 16448K, reserved 1114112K
  class space    used 1938K, committed 2048K, reserved 1048576K
}
Event: 18.438 GC heap before
{Heap before GC invocations=6 (full 0):
 garbage-first heap   total reserved 983040K, committed 61440K, used 42229K [0x00000000c4000000, 0x0000000100000000)
  region size 1024K, 22 young (22528K), 2 survivors (2048K)
 Metaspace       used 17362K, committed 17600K, reserved 1114112K
  class space    used 2071K, committed 2176K, reserved 1048576K
}
Event: 18.445 GC heap after
{Heap after GC invocations=7 (full 0):
 garbage-first heap   total reserved 983040K, committed 61440K, used 23969K [0x00000000c4000000, 0x0000000100000000)
  region size 1024K, 3 young (3072K), 3 survivors (3072K)
 Metaspace       used 17362K, committed 17600K, reserved 1114112K
  class space    used 2071K, committed 2176K, reserved 1048576K
}
Event: 18.454 GC heap before
{Heap before GC invocations=7 (full 0):
 garbage-first heap   total reserved 983040K, committed 61440K, used 36257K [0x00000000c4000000, 0x0000000100000000)
  region size 1024K, 4 young (4096K), 3 survivors (3072K)
 Metaspace       used 17364K, committed 17600K, reserved 1114112K
  class space    used 2071K, committed 2176K, reserved 1048576K
}
Event: 18.459 GC heap after
{Heap after GC invocations=8 (full 0):
 garbage-first heap   total reserved 983040K, committed 61440K, used 36666K [0x00000000c4000000, 0x0000000100000000)
  region size 1024K, 2 young (2048K), 2 survivors (2048K)
 Metaspace       used 17364K, committed 17600K, reserved 1114112K
  class space    used 2071K, committed 2176K, reserved 1048576K
}
Event: 25.487 GC heap before
{Heap before GC invocations=9 (full 0):
 garbage-first heap   total reserved 983040K, committed 83968K, used 65338K [0x00000000c4000000, 0x0000000100000000)
  region size 1024K, 18 young (18432K), 2 survivors (2048K)
 Metaspace       used 19870K, committed 20160K, reserved 1114112K
  class space    used 2357K, committed 2496K, reserved 1048576K
}
Event: 25.511 GC heap after
{Heap after GC invocations=10 (full 0):
 garbage-first heap   total reserved 983040K, committed 83968K, used 18322K [0x00000000c4000000, 0x0000000100000000)
  region size 1024K, 3 young (3072K), 3 survivors (3072K)
 Metaspace       used 19870K, committed 20160K, reserved 1114112K
  class space    used 2357K, committed 2496K, reserved 1048576K
}
Event: 48.647 GC heap before
{Heap before GC invocations=10 (full 0):
 garbage-first heap   total reserved 983040K, committed 83968K, used 69522K [0x00000000c4000000, 0x0000000100000000)
  region size 1024K, 49 young (50176K), 3 survivors (3072K)
 Metaspace       used 26270K, committed 26624K, reserved 1114112K
  class space    used 3136K, committed 3328K, reserved 1048576K
}
Event: 49.212 GC heap after
{Heap after GC invocations=11 (full 0):
 garbage-first heap   total reserved 983040K, committed 89088K, used 35954K [0x00000000c4000000, 0x0000000100000000)
  region size 1024K, 7 young (7168K), 7 survivors (7168K)
 Metaspace       used 26270K, committed 26624K, reserved 1114112K
  class space    used 3136K, committed 3328K, reserved 1048576K
}

