# JRE version: Java(TM) SE Runtime Environment (23.0.1+11) (build 23.0.1+11-39)
# Java VM: Java HotSpot(TM) 64-Bit Server VM (23.0.1+11-39, mixed mode, sharing, tiered, compressed oops, compressed class ptrs, g1 gc, windows-amd64)
GC Precious Log:
 CardTable entry size: 512
 Card Set container configuration: InlinePtr #cards 5 size 8 Array Of Cards #cards 10 size 36 Howl #buckets 4 coarsen threshold 1843 Howl Bitmap #cards 512 size 80 coarsen threshold 460 Card regions per heap region 1 cards per card region 2048
 CPUs: 4 total, 4 available
 Memory: 3838M
 Large Page Support: Disabled
 NUMA Support: Disabled
 Compressed Oops: Enabled (32-bit)
 Heap Region Size: 1M
 Heap Min Capacity: 8M
 Heap Initial Capacity: 60M
 Heap Max Capacity: 960M
 Pre-touch: Disabled
 Parallel Workers: 4
 Concurrent Workers: 1
 Concurrent Refinement Workers: 4
 Periodic GC: Disabled
Heap:
 garbage-first heap   total reserved 983040K, committed 61440K, used 49817K [0x00000000c4000000, 0x0000000100000000)
  region size 1024K, 4 young (4096K), 2 survivors (2048K)
 Metaspace       used 17426K, committed 17664K, reserved 1114112K
  class space    used 2072K, committed 2176K, reserved 1048576K
GC Heap History (16 events):
Event: 1.521 GC heap before
{Heap before GC invocations=0 (full 0):
 garbage-first heap   total reserved 983040K, committed 61440K, used 14336K [0x00000000c4000000, 0x0000000100000000)
  region size 1024K, 14 young (14336K), 0 survivors (0K)
 Metaspace       used 3773K, committed 3968K, reserved 1114112K
  class space    used 400K, committed 512K, reserved 1048576K
}
Event: 1.535 GC heap after
{Heap after GC invocations=1 (full 0):
 garbage-first heap   total reserved 983040K, committed 61440K, used 3264K [0x00000000c4000000, 0x0000000100000000)
  region size 1024K, 2 young (2048K), 2 survivors (2048K)
 Metaspace       used 3773K, committed 3968K, reserved 1114112K
  class space    used 400K, committed 512K, reserved 1048576K
}
Event: 1.958 GC heap before
{Heap before GC invocations=1 (full 0):
 garbage-first heap   total reserved 983040K, committed 61440K, used 16576K [0x00000000c4000000, 0x0000000100000000)
  region size 1024K, 15 young (15360K), 2 survivors (2048K)
 Metaspace       used 6002K, committed 6080K, reserved 1114112K
  class space    used 738K, committed 768K, reserved 1048576K
}
Event: 1.964 GC heap after
{Heap after GC invocations=2 (full 0):
 garbage-first heap   total reserved 983040K, committed 61440K, used 4066K [0x00000000c4000000, 0x0000000100000000)
  region size 1024K, 1 young (1024K), 1 survivors (1024K)
 Metaspace       used 6002K, committed 6080K, reserved 1114112K
  class space    used 738K, committed 768K, reserved 1048576K
}
Event: 3.232 GC heap before
{Heap before GC invocations=2 (full 0):
 garbage-first heap   total reserved 983040K, committed 61440K, used 32738K [0x00000000c4000000, 0x0000000100000000)
  region size 1024K, 30 young (30720K), 1 survivors (1024K)
 Metaspace       used 10143K, committed 10368K, reserved 1114112K
  class space    used 1254K, committed 1344K, reserved 1048576K
}
Event: 3.236 GC heap after
{Heap after GC invocations=3 (full 0):
 garbage-first heap   total reserved 983040K, committed 61440K, used 5517K [0x00000000c4000000, 0x0000000100000000)
  region size 1024K, 3 young (3072K), 3 survivors (3072K)
 Metaspace       used 10143K, committed 10368K, reserved 1114112K
  class space    used 1254K, committed 1344K, reserved 1048576K
}
Event: 4.892 GC heap before
{Heap before GC invocations=3 (full 0):
 garbage-first heap   total reserved 983040K, committed 61440K, used 34189K [0x00000000c4000000, 0x0000000100000000)
  region size 1024K, 31 young (31744K), 3 survivors (3072K)
 Metaspace       used 14842K, committed 15104K, reserved 1114112K
  class space    used 1848K, committed 1984K, reserved 1048576K
}
Event: 4.905 GC heap after
{Heap after GC invocations=4 (full 0):
 garbage-first heap   total reserved 983040K, committed 61440K, used 8859K [0x00000000c4000000, 0x0000000100000000)
  region size 1024K, 4 young (4096K), 4 survivors (4096K)
 Metaspace       used 14842K, committed 15104K, reserved 1114112K
  class space    used 1848K, committed 1984K, reserved 1048576K
}
Event: 7.041 GC heap before
{Heap before GC invocations=4 (full 0):
 garbage-first heap   total reserved 983040K, committed 61440K, used 39579K [0x00000000c4000000, 0x0000000100000000)
  region size 1024K, 34 young (34816K), 4 survivors (4096K)
 Metaspace       used 15812K, committed 16064K, reserved 1114112K
  class space    used 1932K, committed 2048K, reserved 1048576K
}
Event: 7.055 GC heap after
{Heap after GC invocations=5 (full 0):
 garbage-first heap   total reserved 983040K, committed 61440K, used 14050K [0x00000000c4000000, 0x0000000100000000)
  region size 1024K, 5 young (5120K), 5 survivors (5120K)
 Metaspace       used 15812K, committed 16064K, reserved 1114112K
  class space    used 1932K, committed 2048K, reserved 1048576K
}
Event: 9.070 GC heap before
{Heap before GC invocations=5 (full 0):
 garbage-first heap   total reserved 983040K, committed 61440K, used 43746K [0x00000000c4000000, 0x0000000100000000)
  region size 1024K, 34 young (34816K), 5 survivors (5120K)
 Metaspace       used 16152K, committed 16448K, reserved 1114112K
  class space    used 1935K, committed 2048K, reserved 1048576K
}
Event: 9.079 GC heap after
{Heap after GC invocations=6 (full 0):
 garbage-first heap   total reserved 983040K, committed 61440K, used 14756K [0x00000000c4000000, 0x0000000100000000)
  region size 1024K, 2 young (2048K), 2 survivors (2048K)
 Metaspace       used 16152K, committed 16448K, reserved 1114112K
  class space    used 1935K, committed 2048K, reserved 1048576K
}
Event: 10.869 GC heap before
{Heap before GC invocations=6 (full 0):
 garbage-first heap   total reserved 983040K, committed 61440K, used 41380K [0x00000000c4000000, 0x0000000100000000)
  region size 1024K, 21 young (21504K), 2 survivors (2048K)
 Metaspace       used 17389K, committed 17664K, reserved 1114112K
  class space    used 2068K, committed 2176K, reserved 1048576K
}
Event: 10.872 GC heap after
{Heap after GC invocations=7 (full 0):
 garbage-first heap   total reserved 983040K, committed 61440K, used 24341K [0x00000000c4000000, 0x0000000100000000)
  region size 1024K, 3 young (3072K), 3 survivors (3072K)
 Metaspace       used 17389K, committed 17664K, reserved 1114112K
  class space    used 2068K, committed 2176K, reserved 1048576K
}
Event: 10.874 GC heap before
{Heap before GC invocations=7 (full 0):
 garbage-first heap   total reserved 983040K, committed 61440K, used 36629K [0x00000000c4000000, 0x0000000100000000)
  region size 1024K, 4 young (4096K), 3 survivors (3072K)
 Metaspace       used 17391K, committed 17664K, reserved 1114112K
  class space    used 2068K, committed 2176K, reserved 1048576K
}
Event: 10.878 GC heap after
{Heap after GC invocations=8 (full 0):
 garbage-first heap   total reserved 983040K, committed 61440K, used 36505K [0x00000000c4000000, 0x0000000100000000)
  region size 1024K, 2 young (2048K), 2 survivors (2048K)
 Metaspace       used 17391K, committed 17664K, reserved 1114112K
  class space    used 2068K, committed 2176K, reserved 1048576K
}

