# JRE version: OpenJDK Runtime Environment (17.0.9) (build 17.0.9+0--11185874)
# Java VM: OpenJDK 64-Bit Server VM (17.0.9+0--11185874, mixed mode, tiered, compressed oops, compressed class ptrs, g1 gc, windows-amd64)
GC Precious Log:
 CPUs: 4 total, 4 available
 Memory: 3838M
 Large Page Support: Disabled
 NUMA Support: Disabled
 Compressed Oops: Enabled (32-bit)
 Heap Region Size: 1M
 Heap Min Capacity: 8M
 Heap Initial Capacity: 60M
 Heap Max Capacity: 2G
 Pre-touch: Disabled
 Parallel Workers: 4
 Concurrent Workers: 1
 Concurrent Refinement Workers: 4
 Periodic GC: Disabled
Heap:
 garbage-first heap   total 275456K, used 172212K [0x0000000080000000, 0x0000000100000000)
  region size 1024K, 24 young (24576K), 5 survivors (5120K)
 Metaspace       used 99359K, committed 100096K, reserved 1179648K
  class space    used 13730K, committed 14080K, reserved 1048576K
GC Heap History (20 events):
Event: 107.432 GC heap before
{Heap before GC invocations=55 (full 0):
 garbage-first heap   total 268288K, used 183296K [0x0000000080000000, 0x0000000100000000)
  region size 1024K, 30 young (30720K), 4 survivors (4096K)
 Metaspace       used 99274K, committed 100096K, reserved 1179648K
  class space    used 13717K, committed 14080K, reserved 1048576K
}
Event: 107.441 GC heap after
{Heap after GC invocations=56 (full 0):
 garbage-first heap   total 268288K, used 159132K [0x0000000080000000, 0x0000000100000000)
  region size 1024K, 2 young (2048K), 2 survivors (2048K)
 Metaspace       used 99274K, committed 100096K, reserved 1179648K
  class space    used 13717K, committed 14080K, reserved 1048576K
}
Event: 108.607 GC heap before
{Heap before GC invocations=56 (full 0):
 garbage-first heap   total 268288K, used 169372K [0x0000000080000000, 0x0000000100000000)
  region size 1024K, 13 young (13312K), 2 survivors (2048K)
 Metaspace       used 99274K, committed 100096K, reserved 1179648K
  class space    used 13717K, committed 14080K, reserved 1048576K
}
Event: 108.616 GC heap after
{Heap after GC invocations=57 (full 0):
 garbage-first heap   total 268288K, used 156850K [0x0000000080000000, 0x0000000100000000)
  region size 1024K, 1 young (1024K), 1 survivors (1024K)
 Metaspace       used 99274K, committed 100096K, reserved 1179648K
  class space    used 13717K, committed 14080K, reserved 1048576K
}
Event: 115.174 GC heap before
{Heap before GC invocations=57 (full 0):
 garbage-first heap   total 268288K, used 203954K [0x0000000080000000, 0x0000000100000000)
  region size 1024K, 47 young (48128K), 1 survivors (1024K)
 Metaspace       used 99274K, committed 100096K, reserved 1179648K
  class space    used 13717K, committed 14080K, reserved 1048576K
}
Event: 115.176 GC heap after
{Heap after GC invocations=58 (full 0):
 garbage-first heap   total 268288K, used 156721K [0x0000000080000000, 0x0000000100000000)
  region size 1024K, 1 young (1024K), 1 survivors (1024K)
 Metaspace       used 99274K, committed 100096K, reserved 1179648K
  class space    used 13717K, committed 14080K, reserved 1048576K
}
Event: 128.105 GC heap before
{Heap before GC invocations=58 (full 0):
 garbage-first heap   total 268288K, used 207921K [0x0000000080000000, 0x0000000100000000)
  region size 1024K, 51 young (52224K), 1 survivors (1024K)
 Metaspace       used 99275K, committed 100096K, reserved 1179648K
  class space    used 13717K, committed 14080K, reserved 1048576K
}
Event: 128.131 GC heap after
{Heap after GC invocations=59 (full 0):
 garbage-first heap   total 268288K, used 156695K [0x0000000080000000, 0x0000000100000000)
  region size 1024K, 1 young (1024K), 1 survivors (1024K)
 Metaspace       used 99275K, committed 100096K, reserved 1179648K
  class space    used 13717K, committed 14080K, reserved 1048576K
}
Event: 137.558 GC heap before
{Heap before GC invocations=59 (full 0):
 garbage-first heap   total 268288K, used 213015K [0x0000000080000000, 0x0000000100000000)
  region size 1024K, 56 young (57344K), 1 survivors (1024K)
 Metaspace       used 99275K, committed 100096K, reserved 1179648K
  class space    used 13717K, committed 14080K, reserved 1048576K
}
Event: 137.617 GC heap after
{Heap after GC invocations=60 (full 0):
 garbage-first heap   total 268288K, used 156691K [0x0000000080000000, 0x0000000100000000)
  region size 1024K, 1 young (1024K), 1 survivors (1024K)
 Metaspace       used 99275K, committed 100096K, reserved 1179648K
  class space    used 13717K, committed 14080K, reserved 1048576K
}
Event: 146.539 GC heap before
{Heap before GC invocations=61 (full 0):
 garbage-first heap   total 275456K, used 216083K [0x0000000080000000, 0x0000000100000000)
  region size 1024K, 59 young (60416K), 1 survivors (1024K)
 Metaspace       used 99276K, committed 100096K, reserved 1179648K
  class space    used 13717K, committed 14080K, reserved 1048576K
}
Event: 146.542 GC heap after
{Heap after GC invocations=62 (full 0):
 garbage-first heap   total 275456K, used 156689K [0x0000000080000000, 0x0000000100000000)
  region size 1024K, 1 young (1024K), 1 survivors (1024K)
 Metaspace       used 99276K, committed 100096K, reserved 1179648K
  class space    used 13717K, committed 14080K, reserved 1048576K
}
Event: 148.729 GC heap before
{Heap before GC invocations=62 (full 0):
 garbage-first heap   total 275456K, used 168977K [0x0000000080000000, 0x0000000100000000)
  region size 1024K, 13 young (13312K), 1 survivors (1024K)
 Metaspace       used 99276K, committed 100096K, reserved 1179648K
  class space    used 13717K, committed 14080K, reserved 1048576K
}
Event: 148.758 GC heap after
{Heap after GC invocations=63 (full 0):
 garbage-first heap   total 275456K, used 155332K [0x0000000080000000, 0x0000000100000000)
  region size 1024K, 1 young (1024K), 1 survivors (1024K)
 Metaspace       used 99276K, committed 100096K, reserved 1179648K
  class space    used 13717K, committed 14080K, reserved 1048576K
}
Event: 159.416 GC heap before
{Heap before GC invocations=63 (full 0):
 garbage-first heap   total 275456K, used 224964K [0x0000000080000000, 0x0000000100000000)
  region size 1024K, 69 young (70656K), 1 survivors (1024K)
 Metaspace       used 99278K, committed 100096K, reserved 1179648K
  class space    used 13717K, committed 14080K, reserved 1048576K
}
Event: 159.419 GC heap after
{Heap after GC invocations=64 (full 0):
 garbage-first heap   total 275456K, used 155331K [0x0000000080000000, 0x0000000100000000)
  region size 1024K, 1 young (1024K), 1 survivors (1024K)
 Metaspace       used 99278K, committed 100096K, reserved 1179648K
  class space    used 13717K, committed 14080K, reserved 1048576K
}
Event: 165.541 GC heap before
{Heap before GC invocations=64 (full 0):
 garbage-first heap   total 275456K, used 231107K [0x0000000080000000, 0x0000000100000000)
  region size 1024K, 75 young (76800K), 1 survivors (1024K)
 Metaspace       used 99358K, committed 100096K, reserved 1179648K
  class space    used 13730K, committed 14080K, reserved 1048576K
}
Event: 165.554 GC heap after
{Heap after GC invocations=65 (full 0):
 garbage-first heap   total 275456K, used 152327K [0x0000000080000000, 0x0000000100000000)
  region size 1024K, 4 young (4096K), 4 survivors (4096K)
 Metaspace       used 99358K, committed 100096K, reserved 1179648K
  class space    used 13730K, committed 14080K, reserved 1048576K
}
Event: 171.616 GC heap before
{Heap before GC invocations=65 (full 0):
 garbage-first heap   total 275456K, used 231175K [0x0000000080000000, 0x0000000100000000)
  region size 1024K, 82 young (83968K), 4 survivors (4096K)
 Metaspace       used 99359K, committed 100096K, reserved 1179648K
  class space    used 13730K, committed 14080K, reserved 1048576K
}
Event: 171.662 GC heap after
{Heap after GC invocations=66 (full 0):
 garbage-first heap   total 275456K, used 153780K [0x0000000080000000, 0x0000000100000000)
  region size 1024K, 5 young (5120K), 5 survivors (5120K)
 Metaspace       used 99359K, committed 100096K, reserved 1179648K
  class space    used 13730K, committed 14080K, reserved 1048576K
}

