# JRE version: OpenJDK Runtime Environment (17.0.9) (build 17.0.9+0--11185874)
# Java VM: OpenJDK 64-Bit Server VM (17.0.9+0--11185874, mixed mode, tiered, compressed oops, compressed class ptrs, g1 gc, windows-amd64)
GC Precious Log:
 CPUs: 4 total, 4 available
 Memory: 3838M
 Large Page Support: Disabled
 NUMA Support: Disabled
 Compressed Oops: Enabled (32-bit)
 Heap Region Size: 1M
 Heap Min Capacity: 8M
 Heap Initial Capacity: 60M
 Heap Max Capacity: 2G
 Pre-touch: Disabled
 Parallel Workers: 4
 Concurrent Workers: 1
 Concurrent Refinement Workers: 4
 Periodic GC: Disabled
Heap:
 garbage-first heap   total 375808K, used 196752K [0x0000000080000000, 0x0000000100000000)
  region size 1024K, 11 young (11264K), 2 survivors (2048K)
 Metaspace       used 165591K, committed 166400K, reserved 1245184K
  class space    used 21238K, committed 21632K, reserved 1048576K
GC Heap History (20 events):
Event: 131.094 GC heap before
{Heap before GC invocations=83 (full 0):
 garbage-first heap   total 229376K, used 200703K [0x0000000080000000, 0x0000000100000000)
  region size 1024K, 20 young (20480K), 3 survivors (3072K)
 Metaspace       used 158660K, committed 159488K, reserved 1245184K
  class space    used 20324K, committed 20736K, reserved 1048576K
}
Event: 131.102 GC heap after
{Heap after GC invocations=84 (full 0):
 garbage-first heap   total 229376K, used 184949K [0x0000000080000000, 0x0000000100000000)
  region size 1024K, 3 young (3072K), 3 survivors (3072K)
 Metaspace       used 158660K, committed 159488K, reserved 1245184K
  class space    used 20324K, committed 20736K, reserved 1048576K
}
Event: 131.633 GC heap before
{Heap before GC invocations=84 (full 0):
 garbage-first heap   total 229376K, used 200309K [0x0000000080000000, 0x0000000100000000)
  region size 1024K, 18 young (18432K), 3 survivors (3072K)
 Metaspace       used 158672K, committed 159552K, reserved 1245184K
  class space    used 20324K, committed 20736K, reserved 1048576K
}
Event: 131.649 GC heap after
{Heap after GC invocations=85 (full 0):
 garbage-first heap   total 229376K, used 187954K [0x0000000080000000, 0x0000000100000000)
  region size 1024K, 3 young (3072K), 3 survivors (3072K)
 Metaspace       used 158672K, committed 159552K, reserved 1245184K
  class space    used 20324K, committed 20736K, reserved 1048576K
}
Event: 132.372 GC heap before
{Heap before GC invocations=85 (full 0):
 garbage-first heap   total 229376K, used 200242K [0x0000000080000000, 0x0000000100000000)
  region size 1024K, 15 young (15360K), 3 survivors (3072K)
 Metaspace       used 158697K, committed 159552K, reserved 1245184K
  class space    used 20324K, committed 20736K, reserved 1048576K
}
Event: 132.377 GC heap after
{Heap after GC invocations=86 (full 0):
 garbage-first heap   total 229376K, used 190231K [0x0000000080000000, 0x0000000100000000)
  region size 1024K, 2 young (2048K), 2 survivors (2048K)
 Metaspace       used 158697K, committed 159552K, reserved 1245184K
  class space    used 20324K, committed 20736K, reserved 1048576K
}
Event: 132.392 GC heap before
{Heap before GC invocations=86 (full 0):
 garbage-first heap   total 229376K, used 200471K [0x0000000080000000, 0x0000000100000000)
  region size 1024K, 12 young (12288K), 2 survivors (2048K)
 Metaspace       used 158697K, committed 159552K, reserved 1245184K
  class space    used 20324K, committed 20736K, reserved 1048576K
}
Event: 132.395 GC heap after
{Heap after GC invocations=87 (full 0):
 garbage-first heap   total 229376K, used 190952K [0x0000000080000000, 0x0000000100000000)
  region size 1024K, 1 young (1024K), 1 survivors (1024K)
 Metaspace       used 158697K, committed 159552K, reserved 1245184K
  class space    used 20324K, committed 20736K, reserved 1048576K
}
Event: 132.461 GC heap before
{Heap before GC invocations=87 (full 0):
 garbage-first heap   total 229376K, used 201192K [0x0000000080000000, 0x0000000100000000)
  region size 1024K, 11 young (11264K), 1 survivors (1024K)
 Metaspace       used 158722K, committed 159552K, reserved 1245184K
  class space    used 20324K, committed 20736K, reserved 1048576K
}
Event: 132.466 GC heap after
{Heap after GC invocations=88 (full 0):
 garbage-first heap   total 275456K, used 191184K [0x0000000080000000, 0x0000000100000000)
  region size 1024K, 1 young (1024K), 1 survivors (1024K)
 Metaspace       used 158722K, committed 159552K, reserved 1245184K
  class space    used 20324K, committed 20736K, reserved 1048576K
}
Event: 133.090 GC heap before
{Heap before GC invocations=88 (full 0):
 garbage-first heap   total 275456K, used 232144K [0x0000000080000000, 0x0000000100000000)
  region size 1024K, 41 young (41984K), 1 survivors (1024K)
 Metaspace       used 158815K, committed 159680K, reserved 1245184K
  class space    used 20324K, committed 20736K, reserved 1048576K
}
Event: 133.101 GC heap after
{Heap after GC invocations=89 (full 0):
 garbage-first heap   total 275456K, used 195683K [0x0000000080000000, 0x0000000100000000)
  region size 1024K, 6 young (6144K), 6 survivors (6144K)
 Metaspace       used 158815K, committed 159680K, reserved 1245184K
  class space    used 20324K, committed 20736K, reserved 1048576K
}
Event: 134.465 GC heap before
{Heap before GC invocations=89 (full 0):
 garbage-first heap   total 275456K, used 233571K [0x0000000080000000, 0x0000000100000000)
  region size 1024K, 43 young (44032K), 6 survivors (6144K)
 Metaspace       used 159712K, committed 160512K, reserved 1245184K
  class space    used 20364K, committed 20736K, reserved 1048576K
}
Event: 134.477 GC heap after
{Heap after GC invocations=90 (full 0):
 garbage-first heap   total 275456K, used 201913K [0x0000000080000000, 0x0000000100000000)
  region size 1024K, 6 young (6144K), 6 survivors (6144K)
 Metaspace       used 159712K, committed 160512K, reserved 1245184K
  class space    used 20364K, committed 20736K, reserved 1048576K
}
Event: 135.613 GC heap before
{Heap before GC invocations=90 (full 0):
 garbage-first heap   total 275456K, used 234681K [0x0000000080000000, 0x0000000100000000)
  region size 1024K, 38 young (38912K), 6 survivors (6144K)
 Metaspace       used 162476K, committed 163328K, reserved 1245184K
  class space    used 20641K, committed 21056K, reserved 1048576K
}
Event: 135.639 GC heap after
{Heap after GC invocations=91 (full 0):
 garbage-first heap   total 275456K, used 203971K [0x0000000080000000, 0x0000000100000000)
  region size 1024K, 2 young (2048K), 2 survivors (2048K)
 Metaspace       used 162476K, committed 163328K, reserved 1245184K
  class space    used 20641K, committed 21056K, reserved 1048576K
}
Event: 136.656 GC heap before
{Heap before GC invocations=92 (full 0):
 garbage-first heap   total 375808K, used 225475K [0x0000000080000000, 0x0000000100000000)
  region size 1024K, 26 young (26624K), 2 survivors (2048K)
 Metaspace       used 163915K, committed 164736K, reserved 1245184K
  class space    used 20868K, committed 21248K, reserved 1048576K
}
Event: 136.665 GC heap after
{Heap after GC invocations=93 (full 0):
 garbage-first heap   total 375808K, used 201321K [0x0000000080000000, 0x0000000100000000)
  region size 1024K, 3 young (3072K), 3 survivors (3072K)
 Metaspace       used 163915K, committed 164736K, reserved 1245184K
  class space    used 20868K, committed 21248K, reserved 1048576K
}
Event: 138.500 GC heap before
{Heap before GC invocations=93 (full 0):
 garbage-first heap   total 375808K, used 216681K [0x0000000080000000, 0x0000000100000000)
  region size 1024K, 18 young (18432K), 3 survivors (3072K)
 Metaspace       used 164973K, committed 165824K, reserved 1245184K
  class space    used 21102K, committed 21504K, reserved 1048576K
}
Event: 138.554 GC heap after
{Heap after GC invocations=94 (full 0):
 garbage-first heap   total 375808K, used 188560K [0x0000000080000000, 0x0000000100000000)
  region size 1024K, 2 young (2048K), 2 survivors (2048K)
 Metaspace       used 164973K, committed 165824K, reserved 1245184K
  class space    used 21102K, committed 21504K, reserved 1048576K
}

