# JRE version: Java(TM) SE Runtime Environment (23.0.1+11) (build 23.0.1+11-39)
# Java VM: Java HotSpot(TM) 64-Bit Server VM (23.0.1+11-39, mixed mode, sharing, tiered, compressed oops, compressed class ptrs, g1 gc, windows-amd64)
GC Precious Log:
 CardTable entry size: 512
 Card Set container configuration: InlinePtr #cards 5 size 8 Array Of Cards #cards 10 size 36 Howl #buckets 4 coarsen threshold 1843 Howl Bitmap #cards 512 size 80 coarsen threshold 460 Card regions per heap region 1 cards per card region 2048
 CPUs: 4 total, 4 available
 Memory: 3838M
 Large Page Support: Disabled
 NUMA Support: Disabled
 Compressed Oops: Enabled (32-bit)
 Heap Region Size: 1M
 Heap Min Capacity: 8M
 Heap Initial Capacity: 60M
 Heap Max Capacity: 2G
 Pre-touch: Disabled
 Parallel Workers: 4
 Concurrent Workers: 1
 Concurrent Refinement Workers: 4
 Periodic GC: Disabled
Heap:
 garbage-first heap   total reserved 2097152K, committed 184320K, used 113311K [0x0000000080000000, 0x0000000100000000)
  region size 1024K, 8 young (8192K), 6 survivors (6144K)
 Metaspace       used 92322K, committed 94528K, reserved 1179648K
  class space    used 12901K, committed 13952K, reserved 1048576K
GC Heap History (20 events):
Event: 21.661 GC heap before
{Heap before GC invocations=31 (full 0):
 garbage-first heap   total reserved 2097152K, committed 76800K, used 72211K [0x0000000080000000, 0x0000000100000000)
  region size 1024K, 24 young (24576K), 3 survivors (3072K)
 Metaspace       used 64599K, committed 66368K, reserved 1114112K
  class space    used 9728K, committed 10496K, reserved 1048576K
}
Event: 21.671 GC heap after
{Heap after GC invocations=32 (full 0):
 garbage-first heap   total reserved 2097152K, committed 79872K, used 54770K [0x0000000080000000, 0x0000000100000000)
  region size 1024K, 3 young (3072K), 3 survivors (3072K)
 Metaspace       used 64599K, committed 66368K, reserved 1114112K
  class space    used 9728K, committed 10496K, reserved 1048576K
}
Event: 21.758 GC heap before
{Heap before GC invocations=32 (full 0):
 garbage-first heap   total reserved 2097152K, committed 79872K, used 70130K [0x0000000080000000, 0x0000000100000000)
  region size 1024K, 19 young (19456K), 3 survivors (3072K)
 Metaspace       used 64735K, committed 66496K, reserved 1114112K
  class space    used 9731K, committed 10496K, reserved 1048576K
}
Event: 21.818 GC heap after
{Heap after GC invocations=33 (full 0):
 garbage-first heap   total reserved 2097152K, committed 82944K, used 61179K [0x0000000080000000, 0x0000000100000000)
  region size 1024K, 3 young (3072K), 3 survivors (3072K)
 Metaspace       used 64735K, committed 66496K, reserved 1114112K
  class space    used 9731K, committed 10496K, reserved 1048576K
}
Event: 21.901 GC heap before
{Heap before GC invocations=33 (full 0):
 garbage-first heap   total reserved 2097152K, committed 82944K, used 68347K [0x0000000080000000, 0x0000000100000000)
  region size 1024K, 11 young (11264K), 3 survivors (3072K)
 Metaspace       used 64743K, committed 66560K, reserved 1114112K
  class space    used 9732K, committed 10496K, reserved 1048576K
}
Event: 21.909 GC heap after
{Heap after GC invocations=34 (full 0):
 garbage-first heap   total reserved 2097152K, committed 165888K, used 57344K [0x0000000080000000, 0x0000000100000000)
  region size 1024K, 2 young (2048K), 2 survivors (2048K)
 Metaspace       used 64743K, committed 66560K, reserved 1114112K
  class space    used 9732K, committed 10496K, reserved 1048576K
}
Event: 22.356 GC heap before
{Heap before GC invocations=34 (full 0):
 garbage-first heap   total reserved 2097152K, committed 165888K, used 120832K [0x0000000080000000, 0x0000000100000000)
  region size 1024K, 56 young (57344K), 2 survivors (2048K)
 Metaspace       used 64749K, committed 66560K, reserved 1114112K
  class space    used 9733K, committed 10496K, reserved 1048576K
}
Event: 22.377 GC heap after
{Heap after GC invocations=35 (full 0):
 garbage-first heap   total reserved 2097152K, committed 165888K, used 74122K [0x0000000080000000, 0x0000000100000000)
  region size 1024K, 7 young (7168K), 7 survivors (7168K)
 Metaspace       used 64749K, committed 66560K, reserved 1114112K
  class space    used 9733K, committed 10496K, reserved 1048576K
}
Event: 23.872 GC heap before
{Heap before GC invocations=35 (full 0):
 garbage-first heap   total reserved 2097152K, committed 165888K, used 125322K [0x0000000080000000, 0x0000000100000000)
  region size 1024K, 49 young (50176K), 7 survivors (7168K)
 Metaspace       used 69118K, committed 70784K, reserved 1114112K
  class space    used 10234K, committed 11008K, reserved 1048576K
}
Event: 23.884 GC heap after
{Heap after GC invocations=36 (full 0):
 garbage-first heap   total reserved 2097152K, committed 165888K, used 86389K [0x0000000080000000, 0x0000000100000000)
  region size 1024K, 5 young (5120K), 5 survivors (5120K)
 Metaspace       used 69118K, committed 70784K, reserved 1114112K
  class space    used 10234K, committed 11008K, reserved 1048576K
}
Event: 25.946 GC heap before
{Heap before GC invocations=36 (full 0):
 garbage-first heap   total reserved 2097152K, committed 165888K, used 136565K [0x0000000080000000, 0x0000000100000000)
  region size 1024K, 46 young (47104K), 5 survivors (5120K)
 Metaspace       used 72070K, committed 73792K, reserved 1114112K
  class space    used 10533K, committed 11328K, reserved 1048576K
}
Event: 25.954 GC heap after
{Heap after GC invocations=37 (full 0):
 garbage-first heap   total reserved 2097152K, committed 165888K, used 99785K [0x0000000080000000, 0x0000000100000000)
  region size 1024K, 6 young (6144K), 6 survivors (6144K)
 Metaspace       used 72070K, committed 73792K, reserved 1114112K
  class space    used 10533K, committed 11328K, reserved 1048576K
}
Event: 26.467 GC heap before
{Heap before GC invocations=37 (full 0):
 garbage-first heap   total reserved 2097152K, committed 165888K, used 138697K [0x0000000080000000, 0x0000000100000000)
  region size 1024K, 44 young (45056K), 6 survivors (6144K)
 Metaspace       used 76519K, committed 78592K, reserved 1179648K
  class space    used 11044K, committed 12032K, reserved 1048576K
}
Event: 26.474 GC heap after
{Heap after GC invocations=38 (full 0):
 garbage-first heap   total reserved 2097152K, committed 165888K, used 103027K [0x0000000080000000, 0x0000000100000000)
  region size 1024K, 3 young (3072K), 3 survivors (3072K)
 Metaspace       used 76519K, committed 78592K, reserved 1179648K
  class space    used 11044K, committed 12032K, reserved 1048576K
}
Event: 27.631 GC heap before
{Heap before GC invocations=39 (full 0):
 garbage-first heap   total reserved 2097152K, committed 173056K, used 142963K [0x0000000080000000, 0x0000000100000000)
  region size 1024K, 42 young (43008K), 3 survivors (3072K)
 Metaspace       used 81384K, committed 83456K, reserved 1179648K
  class space    used 11661K, committed 12672K, reserved 1048576K
}
Event: 27.636 GC heap after
{Heap after GC invocations=40 (full 0):
 garbage-first heap   total reserved 2097152K, committed 173056K, used 104940K [0x0000000080000000, 0x0000000100000000)
  region size 1024K, 5 young (5120K), 5 survivors (5120K)
 Metaspace       used 81384K, committed 83456K, reserved 1179648K
  class space    used 11661K, committed 12672K, reserved 1048576K
}
Event: 28.156 GC heap before
{Heap before GC invocations=40 (full 0):
 garbage-first heap   total reserved 2097152K, committed 173056K, used 151020K [0x0000000080000000, 0x0000000100000000)
  region size 1024K, 49 young (50176K), 5 survivors (5120K)
 Metaspace       used 85476K, committed 87616K, reserved 1179648K
  class space    used 12181K, committed 13184K, reserved 1048576K
}
Event: 28.167 GC heap after
{Heap after GC invocations=41 (full 0):
 garbage-first heap   total reserved 2097152K, committed 173056K, used 108073K [0x0000000080000000, 0x0000000100000000)
  region size 1024K, 7 young (7168K), 7 survivors (7168K)
 Metaspace       used 85476K, committed 87616K, reserved 1179648K
  class space    used 12181K, committed 13184K, reserved 1048576K
}
Event: 28.588 GC heap before
{Heap before GC invocations=41 (full 0):
 garbage-first heap   total reserved 2097152K, committed 173056K, used 152105K [0x0000000080000000, 0x0000000100000000)
  region size 1024K, 50 young (51200K), 7 survivors (7168K)
 Metaspace       used 87176K, committed 89280K, reserved 1179648K
  class space    used 12371K, committed 13376K, reserved 1048576K
}
Event: 28.595 GC heap after
{Heap after GC invocations=42 (full 0):
 garbage-first heap   total reserved 2097152K, committed 173056K, used 109137K [0x0000000080000000, 0x0000000100000000)
  region size 1024K, 4 young (4096K), 4 survivors (4096K)
 Metaspace       used 87176K, committed 89280K, reserved 1179648K
  class space    used 12371K, committed 13376K, reserved 1048576K
}

