# JRE version: OpenJDK Runtime Environment (17.0.9) (build 17.0.9+0--11185874)
# Java VM: OpenJDK 64-Bit Server VM (17.0.9+0--11185874, mixed mode, tiered, compressed oops, compressed class ptrs, g1 gc, windows-amd64)
GC Precious Log:
 CPUs: 4 total, 4 available
 Memory: 3838M
 Large Page Support: Disabled
 NUMA Support: Disabled
 Compressed Oops: Enabled (32-bit)
 Heap Region Size: 1M
 Heap Min Capacity: 8M
 Heap Initial Capacity: 60M
 Heap Max Capacity: 2G
 Pre-touch: Disabled
 Parallel Workers: 4
 Concurrent Workers: 1
 Concurrent Refinement Workers: 4
 Periodic GC: Disabled
Heap:
 garbage-first heap   total 485376K, used 337920K [0x0000000080000000, 0x0000000100000000)
  region size 1024K, 8 young (8192K), 8 survivors (8192K)
 Metaspace       used 120331K, committed 121216K, reserved 1179648K
  class space    used 16456K, committed 16896K, reserved 1048576K
GC Heap History (20 events):
Event: 119.003 GC heap after
{Heap after GC invocations=77 (full 0):
 garbage-first heap   total 291840K, used 185512K [0x0000000080000000, 0x0000000100000000)
  region size 1024K, 1 young (1024K), 1 survivors (1024K)
 Metaspace       used 114783K, committed 115584K, reserved 1179648K
  class space    used 15481K, committed 15872K, reserved 1048576K
}
Event: 121.933 GC heap before
{Heap before GC invocations=77 (full 0):
 garbage-first heap   total 291840K, used 280744K [0x0000000080000000, 0x0000000100000000)
  region size 1024K, 42 young (43008K), 1 survivors (1024K)
 Metaspace       used 116865K, committed 117760K, reserved 1179648K
  class space    used 15795K, committed 16256K, reserved 1048576K
}
Event: 121.950 GC heap after
{Heap after GC invocations=78 (full 0):
 garbage-first heap   total 292864K, used 215167K [0x0000000080000000, 0x0000000100000000)
  region size 1024K, 8 young (8192K), 8 survivors (8192K)
 Metaspace       used 116865K, committed 117760K, reserved 1179648K
  class space    used 15795K, committed 16256K, reserved 1048576K
}
Event: 124.925 GC heap before
{Heap before GC invocations=79 (full 0):
 garbage-first heap   total 394240K, used 243839K [0x0000000080000000, 0x0000000100000000)
  region size 1024K, 31 young (31744K), 8 survivors (8192K)
 Metaspace       used 117191K, committed 118080K, reserved 1179648K
  class space    used 15841K, committed 16256K, reserved 1048576K
}
Event: 124.983 GC heap after
{Heap after GC invocations=80 (full 0):
 garbage-first heap   total 394240K, used 218909K [0x0000000080000000, 0x0000000100000000)
  region size 1024K, 4 young (4096K), 4 survivors (4096K)
 Metaspace       used 117191K, committed 118080K, reserved 1179648K
  class space    used 15841K, committed 16256K, reserved 1048576K
}
Event: 125.293 GC heap before
{Heap before GC invocations=80 (full 0):
 garbage-first heap   total 394240K, used 233245K [0x0000000080000000, 0x0000000100000000)
  region size 1024K, 19 young (19456K), 4 survivors (4096K)
 Metaspace       used 117203K, committed 118080K, reserved 1179648K
  class space    used 15842K, committed 16256K, reserved 1048576K
}
Event: 125.311 GC heap after
{Heap after GC invocations=81 (full 0):
 garbage-first heap   total 394240K, used 208660K [0x0000000080000000, 0x0000000100000000)
  region size 1024K, 3 young (3072K), 3 survivors (3072K)
 Metaspace       used 117203K, committed 118080K, reserved 1179648K
  class space    used 15842K, committed 16256K, reserved 1048576K
}
Event: 134.937 GC heap before
{Heap before GC invocations=81 (full 0):
 garbage-first heap   total 394240K, used 320276K [0x0000000080000000, 0x0000000100000000)
  region size 1024K, 107 young (109568K), 3 survivors (3072K)
 Metaspace       used 120126K, committed 120960K, reserved 1179648K
  class space    used 16437K, committed 16832K, reserved 1048576K
}
Event: 135.597 GC heap after
{Heap after GC invocations=82 (full 0):
 garbage-first heap   total 394240K, used 248400K [0x0000000080000000, 0x0000000100000000)
  region size 1024K, 14 young (14336K), 14 survivors (14336K)
 Metaspace       used 120126K, committed 120960K, reserved 1179648K
  class space    used 16437K, committed 16832K, reserved 1048576K
}
Event: 141.264 GC heap before
{Heap before GC invocations=82 (full 0):
 garbage-first heap   total 394240K, used 253520K [0x0000000080000000, 0x0000000100000000)
  region size 1024K, 19 young (19456K), 14 survivors (14336K)
 Metaspace       used 120154K, committed 121024K, reserved 1179648K
  class space    used 16437K, committed 16832K, reserved 1048576K
}
Event: 141.439 GC heap after
{Heap after GC invocations=83 (full 0):
 garbage-first heap   total 485376K, used 252928K [0x0000000080000000, 0x0000000100000000)
  region size 1024K, 3 young (3072K), 3 survivors (3072K)
 Metaspace       used 120154K, committed 121024K, reserved 1179648K
  class space    used 16437K, committed 16832K, reserved 1048576K
}
Event: 141.591 GC heap before
{Heap before GC invocations=83 (full 0):
 garbage-first heap   total 485376K, used 273408K [0x0000000080000000, 0x0000000100000000)
  region size 1024K, 23 young (23552K), 3 survivors (3072K)
 Metaspace       used 120205K, committed 121024K, reserved 1179648K
  class space    used 16443K, committed 16832K, reserved 1048576K
}
Event: 141.614 GC heap after
{Heap after GC invocations=84 (full 0):
 garbage-first heap   total 485376K, used 263680K [0x0000000080000000, 0x0000000100000000)
  region size 1024K, 3 young (3072K), 3 survivors (3072K)
 Metaspace       used 120205K, committed 121024K, reserved 1179648K
  class space    used 16443K, committed 16832K, reserved 1048576K
}
Event: 141.712 GC heap before
{Heap before GC invocations=84 (full 0):
 garbage-first heap   total 485376K, used 283136K [0x0000000080000000, 0x0000000100000000)
  region size 1024K, 23 young (23552K), 3 survivors (3072K)
 Metaspace       used 120233K, committed 121152K, reserved 1179648K
  class space    used 16445K, committed 16896K, reserved 1048576K
}
Event: 141.747 GC heap after
{Heap after GC invocations=85 (full 0):
 garbage-first heap   total 485376K, used 275456K [0x0000000080000000, 0x0000000100000000)
  region size 1024K, 3 young (3072K), 3 survivors (3072K)
 Metaspace       used 120233K, committed 121152K, reserved 1179648K
  class space    used 16445K, committed 16896K, reserved 1048576K
}
Event: 141.873 GC heap before
{Heap before GC invocations=85 (full 0):
 garbage-first heap   total 485376K, used 295936K [0x0000000080000000, 0x0000000100000000)
  region size 1024K, 23 young (23552K), 3 survivors (3072K)
 Metaspace       used 120250K, committed 121152K, reserved 1179648K
  class space    used 16447K, committed 16896K, reserved 1048576K
}
Event: 141.912 GC heap after
{Heap after GC invocations=86 (full 0):
 garbage-first heap   total 485376K, used 287744K [0x0000000080000000, 0x0000000100000000)
  region size 1024K, 3 young (3072K), 3 survivors (3072K)
 Metaspace       used 120250K, committed 121152K, reserved 1179648K
  class space    used 16447K, committed 16896K, reserved 1048576K
}
Event: 142.261 GC heap before
{Heap before GC invocations=86 (full 0):
 garbage-first heap   total 485376K, used 329728K [0x0000000080000000, 0x0000000100000000)
  region size 1024K, 44 young (45056K), 3 survivors (3072K)
 Metaspace       used 120295K, committed 121216K, reserved 1179648K
  class space    used 16451K, committed 16896K, reserved 1048576K
}
Event: 142.335 GC heap after
{Heap after GC invocations=87 (full 0):
 garbage-first heap   total 485376K, used 309760K [0x0000000080000000, 0x0000000100000000)
  region size 1024K, 6 young (6144K), 6 survivors (6144K)
 Metaspace       used 120295K, committed 121216K, reserved 1179648K
  class space    used 16451K, committed 16896K, reserved 1048576K
}
Event: 142.671 GC heap before
{Heap before GC invocations=87 (full 0):
 garbage-first heap   total 485376K, used 364032K [0x0000000080000000, 0x0000000100000000)
  region size 1024K, 59 young (60416K), 6 survivors (6144K)
 Metaspace       used 120331K, committed 121216K, reserved 1179648K
  class space    used 16456K, committed 16896K, reserved 1048576K
}

