# JRE version: Java(TM) SE Runtime Environment (23.0.1+11) (build 23.0.1+11-39)
# Java VM: Java HotSpot(TM) 64-Bit Server VM (23.0.1+11-39, mixed mode, sharing, tiered, compressed oops, compressed class ptrs, g1 gc, windows-amd64)
GC Precious Log:
 CardTable entry size: 512
 Card Set container configuration: InlinePtr #cards 5 size 8 Array Of Cards #cards 10 size 36 Howl #buckets 4 coarsen threshold 1843 Howl Bitmap #cards 512 size 80 coarsen threshold 460 Card regions per heap region 1 cards per card region 2048
 CPUs: 4 total, 4 available
 Memory: 3838M
 Large Page Support: Disabled
 NUMA Support: Disabled
 Compressed Oops: Enabled (32-bit)
 Heap Region Size: 1M
 Heap Min Capacity: 8M
 Heap Initial Capacity: 60M
 Heap Max Capacity: 2G
 Pre-touch: Disabled
 Parallel Workers: 4
 Concurrent Workers: 1
 Concurrent Refinement Workers: 4
 Periodic GC: Disabled
Heap:
 garbage-first heap   total reserved 2097152K, committed 139264K, used 97022K [0x0000000080000000, 0x0000000100000000)
  region size 1024K, 21 young (21504K), 3 survivors (3072K)
 Metaspace       used 103433K, committed 105664K, reserved 1179648K
  class space    used 14230K, committed 15296K, reserved 1048576K
GC Heap History (20 events):
Event: 24.366 GC heap before
{Heap before GC invocations=31 (full 0):
 garbage-first heap   total reserved 2097152K, committed 91136K, used 81980K [0x0000000080000000, 0x0000000100000000)
  region size 1024K, 23 young (23552K), 2 survivors (2048K)
 Metaspace       used 68273K, committed 70016K, reserved 1114112K
  class space    used 10115K, committed 10944K, reserved 1048576K
}
Event: 24.377 GC heap after
{Heap after GC invocations=32 (full 0):
 garbage-first heap   total reserved 2097152K, committed 91136K, used 61984K [0x0000000080000000, 0x0000000100000000)
  region size 1024K, 3 young (3072K), 3 survivors (3072K)
 Metaspace       used 68273K, committed 70016K, reserved 1114112K
  class space    used 10115K, committed 10944K, reserved 1048576K
}
Event: 25.077 GC heap before
{Heap before GC invocations=32 (full 0):
 garbage-first heap   total reserved 2097152K, committed 91136K, used 82464K [0x0000000080000000, 0x0000000100000000)
  region size 1024K, 23 young (23552K), 3 survivors (3072K)
 Metaspace       used 70609K, committed 72320K, reserved 1114112K
  class space    used 10310K, committed 11136K, reserved 1048576K
}
Event: 25.082 GC heap after
{Heap after GC invocations=33 (full 0):
 garbage-first heap   total reserved 2097152K, committed 91136K, used 62809K [0x0000000080000000, 0x0000000100000000)
  region size 1024K, 2 young (2048K), 2 survivors (2048K)
 Metaspace       used 70609K, committed 72320K, reserved 1114112K
  class space    used 10310K, committed 11136K, reserved 1048576K
}
Event: 25.407 GC heap before
{Heap before GC invocations=33 (full 0):
 garbage-first heap   total reserved 2097152K, committed 91136K, used 82265K [0x0000000080000000, 0x0000000100000000)
  region size 1024K, 22 young (22528K), 2 survivors (2048K)
 Metaspace       used 72904K, committed 74880K, reserved 1114112K
  class space    used 10596K, committed 11520K, reserved 1048576K
}
Event: 25.411 GC heap after
{Heap after GC invocations=34 (full 0):
 garbage-first heap   total reserved 2097152K, committed 91136K, used 64654K [0x0000000080000000, 0x0000000100000000)
  region size 1024K, 3 young (3072K), 3 survivors (3072K)
 Metaspace       used 72904K, committed 74880K, reserved 1114112K
  class space    used 10596K, committed 11520K, reserved 1048576K
}
Event: 25.663 GC heap before
{Heap before GC invocations=35 (full 0):
 garbage-first heap   total reserved 2097152K, committed 109568K, used 81038K [0x0000000080000000, 0x0000000100000000)
  region size 1024K, 19 young (19456K), 3 survivors (3072K)
 Metaspace       used 74840K, committed 76992K, reserved 1114112K
  class space    used 10873K, committed 11904K, reserved 1048576K
}
Event: 25.668 GC heap after
{Heap after GC invocations=36 (full 0):
 garbage-first heap   total reserved 2097152K, committed 109568K, used 65976K [0x0000000080000000, 0x0000000100000000)
  region size 1024K, 2 young (2048K), 2 survivors (2048K)
 Metaspace       used 74840K, committed 76992K, reserved 1114112K
  class space    used 10873K, committed 11904K, reserved 1048576K
}
Event: 26.093 GC heap before
{Heap before GC invocations=36 (full 0):
 garbage-first heap   total reserved 2097152K, committed 109568K, used 96696K [0x0000000080000000, 0x0000000100000000)
  region size 1024K, 32 young (32768K), 2 survivors (2048K)
 Metaspace       used 78535K, committed 80640K, reserved 1179648K
  class space    used 11337K, committed 12352K, reserved 1048576K
}
Event: 26.101 GC heap after
{Heap after GC invocations=37 (full 0):
 garbage-first heap   total reserved 2097152K, committed 139264K, used 67457K [0x0000000080000000, 0x0000000100000000)
  region size 1024K, 4 young (4096K), 4 survivors (4096K)
 Metaspace       used 78535K, committed 80640K, reserved 1179648K
  class space    used 11337K, committed 12352K, reserved 1048576K
}
Event: 26.694 GC heap before
{Heap before GC invocations=37 (full 0):
 garbage-first heap   total reserved 2097152K, committed 139264K, used 110465K [0x0000000080000000, 0x0000000100000000)
  region size 1024K, 45 young (46080K), 4 survivors (4096K)
 Metaspace       used 82879K, committed 84992K, reserved 1179648K
  class space    used 11891K, committed 12864K, reserved 1048576K
}
Event: 26.701 GC heap after
{Heap after GC invocations=38 (full 0):
 garbage-first heap   total reserved 2097152K, committed 139264K, used 71407K [0x0000000080000000, 0x0000000100000000)
  region size 1024K, 6 young (6144K), 6 survivors (6144K)
 Metaspace       used 82879K, committed 84992K, reserved 1179648K
  class space    used 11891K, committed 12864K, reserved 1048576K
}
Event: 27.118 GC heap before
{Heap before GC invocations=38 (full 0):
 garbage-first heap   total reserved 2097152K, committed 139264K, used 113391K [0x0000000080000000, 0x0000000100000000)
  region size 1024K, 47 young (48128K), 6 survivors (6144K)
 Metaspace       used 83953K, committed 86144K, reserved 1179648K
  class space    used 11980K, committed 12992K, reserved 1048576K
}
Event: 27.125 GC heap after
{Heap after GC invocations=39 (full 0):
 garbage-first heap   total reserved 2097152K, committed 139264K, used 73155K [0x0000000080000000, 0x0000000100000000)
  region size 1024K, 5 young (5120K), 5 survivors (5120K)
 Metaspace       used 83953K, committed 86144K, reserved 1179648K
  class space    used 11980K, committed 12992K, reserved 1048576K
}
Event: 28.489 GC heap before
{Heap before GC invocations=39 (full 0):
 garbage-first heap   total reserved 2097152K, committed 139264K, used 118211K [0x0000000080000000, 0x0000000100000000)
  region size 1024K, 49 young (50176K), 5 survivors (5120K)
 Metaspace       used 88657K, committed 90816K, reserved 1179648K
  class space    used 12487K, committed 13504K, reserved 1048576K
}
Event: 28.498 GC heap after
{Heap after GC invocations=40 (full 0):
 garbage-first heap   total reserved 2097152K, committed 139264K, used 77715K [0x0000000080000000, 0x0000000100000000)
  region size 1024K, 7 young (7168K), 7 survivors (7168K)
 Metaspace       used 88657K, committed 90816K, reserved 1179648K
  class space    used 12487K, committed 13504K, reserved 1048576K
}
Event: 29.924 GC heap before
{Heap before GC invocations=40 (full 0):
 garbage-first heap   total reserved 2097152K, committed 139264K, used 120723K [0x0000000080000000, 0x0000000100000000)
  region size 1024K, 49 young (50176K), 7 survivors (7168K)
 Metaspace       used 94631K, committed 96832K, reserved 1179648K
  class space    used 13175K, committed 14208K, reserved 1048576K
}
Event: 29.934 GC heap after
{Heap after GC invocations=41 (full 0):
 garbage-first heap   total reserved 2097152K, committed 139264K, used 78817K [0x0000000080000000, 0x0000000100000000)
  region size 1024K, 2 young (2048K), 2 survivors (2048K)
 Metaspace       used 94631K, committed 96832K, reserved 1179648K
  class space    used 13175K, committed 14208K, reserved 1048576K
}
Event: 30.627 GC heap before
{Heap before GC invocations=42 (full 0):
 garbage-first heap   total reserved 2097152K, committed 139264K, used 121825K [0x0000000080000000, 0x0000000100000000)
  region size 1024K, 45 young (46080K), 2 survivors (2048K)
 Metaspace       used 101012K, committed 103168K, reserved 1179648K
  class space    used 13888K, committed 14912K, reserved 1048576K
}
Event: 30.631 GC heap after
{Heap after GC invocations=43 (full 0):
 garbage-first heap   total reserved 2097152K, committed 139264K, used 79614K [0x0000000080000000, 0x0000000100000000)
  region size 1024K, 3 young (3072K), 3 survivors (3072K)
 Metaspace       used 101012K, committed 103168K, reserved 1179648K
  class space    used 13888K, committed 14912K, reserved 1048576K
}

